\BOOKMARK [0][-]{section*.1}{Table of Contents}{}% 1
\BOOKMARK [0][-]{section*.2}{List of Tables}{}% 2
\BOOKMARK [0][-]{section*.3}{List of Figures}{}% 3
\BOOKMARK [0][-]{chapter.1}{1 Introduction}{}% 4
\BOOKMARK [0][-]{chapter.2}{2 Energy Today}{}% 5
\BOOKMARK [1][-]{section.2.1}{2.1 Generators}{chapter.2}% 6
\BOOKMARK [1][-]{section.2.2}{2.2 Fossil Fuels}{chapter.2}% 7
\BOOKMARK [1][-]{section.2.3}{2.3 Nuclear Power}{chapter.2}% 8
\BOOKMARK [1][-]{section.2.4}{2.4 Hydro Power}{chapter.2}% 9
\BOOKMARK [1][-]{section.2.5}{2.5 Wind Power}{chapter.2}% 10
\BOOKMARK [1][-]{section.2.6}{2.6 Solar Power}{chapter.2}% 11
\BOOKMARK [1][-]{section.2.7}{2.7 Summary}{chapter.2}% 12
\BOOKMARK [0][-]{chapter.3}{3 The Source}{}% 13
\BOOKMARK [1][-]{section.3.1}{3.1 Screen Layout}{chapter.3}% 14
\BOOKMARK [0][-]{chapter.4}{4 Data Analysis}{}% 15
\BOOKMARK [1][-]{section.4.1}{4.1 The Numerical Results}{chapter.4}% 16
\BOOKMARK [2][-]{subsection.4.1.1}{4.1.1 Usefulness}{section.4.1}% 17
\BOOKMARK [2][-]{subsection.4.1.2}{4.1.2 Difficulty}{section.4.1}% 18
\BOOKMARK [2][-]{subsection.4.1.3}{4.1.3 Playing Experience}{section.4.1}% 19
\BOOKMARK [1][-]{section.4.2}{4.2 Knowledge Test Results}{chapter.4}% 20
\BOOKMARK [2][-]{subsection.4.2.1}{4.2.1 Operation of a Power Plant}{section.4.2}% 21
\BOOKMARK [2][-]{subsection.4.2.2}{4.2.2 Origins of Power}{section.4.2}% 22
\BOOKMARK [2][-]{subsection.4.2.3}{4.2.3 Pros and Cons}{section.4.2}% 23
\BOOKMARK [1][-]{section.4.3}{4.3 Conclusion}{chapter.4}% 24
\BOOKMARK [0][-]{chapter.5}{5 Landscape Mode}{}% 25
\BOOKMARK [0][-]{chapter.6}{6 Conclusion}{}% 26
\BOOKMARK [0][-]{chapter*.4}{Bibliography}{}% 27
\BOOKMARK [0][-]{section*.5}{Appendix}{}% 28
\BOOKMARK [0][-]{appendix.A}{A Tables}{}% 29
\BOOKMARK [0][-]{appendix.B}{B Figures}{}% 30
