This is pdfTeX, Version 3.14159265-2.6-1.40.15 (TeX Live 2014) (preloaded format=pdflatex 2014.5.25)  22 APR 2015 11:28
entering extended mode
 restricted \write18 enabled.
 %&-line parsing enabled.
**ubc_2015_spring_kudlac_raffi.tex -recorder
(./ubc_2015_spring_kudlac_raffi.tex
LaTeX2e <2014/05/01>
Babel <3.9k> and hyphenation patterns for 78 languages loaded.
(./ubcthesis.cls
Document Class: ubcthesis 2009/11/19 v1.61 
 University of British Columbia Thesis Class
(./genthesis.cls
Document Class: genthesis 2009/11/19 v1.61 
 University of British Columbia Thesis Class
\hours=\count79
\minutes=\count80
\UBCT@oldtextwidth=\skip41
\UBCT@oldtextheight=\skip42
\UBCT@oldoddsidemargin=\skip43
\UBCT@oldevensidemargin=\skip44
\UBCT@oldtopmargin=\skip45
\UBCT@oldtopskip=\skip46
\UBCT@old@colht=\skip47
\UBCT@old@colroom=\skip48
\UBCT@oldvsize=\skip49
\UBCT@oldcolumnwidth=\skip50
\UBCT@oldhsize=\skip51
\UBCT@oldlinewidth=\skip52
\UBCT@oldparindent=\skip53
\UBCT@oldmarginparsep=\skip54
\UBCT@oldmarginparwidth=\skip55
\partbetweenskip=\skip56
\chapterbeforeskip=\skip57
\chapterbetweenskip=\skip58
\chapterafterskip=\skip59
\sectionindent=\skip60
\sectionbeforeskip=\skip61
\sectionafterskip=\skip62
\subsectionindent=\skip63
\subsectionbeforeskip=\skip64
\subsectionafterskip=\skip65
\subsubsectionindent=\skip66
\subsubsectionbeforeskip=\skip67
\subsubsectionafterskip=\skip68
\paragraphindent=\skip69
\paragraphbeforeskip=\skip70
\paragraphafterskip=\skip71
\subparagraphindent=\skip72
\subparagraphbeforeskip=\skip73
\subparagraphafterskip=\skip74
(/usr/local/texlive/2014/texmf-dist/tex/latex/base/bk11.clo
File: bk11.clo 2007/10/19 v1.4h Standard LaTeX file (size option)
)
\headlinespace=\skip75
\titlemarginleft=\skip76
\titlemarginright=\skip77
\titlemargintop=\skip78
\titlemarginbottom=\skip79
\c@@oldsecnumdepth=\count81
\c@part=\count82
\c@chapter=\count83
\c@section=\count84
\c@subsection=\count85
\c@subsubsection=\count86
\c@paragraph=\count87
\c@subparagraph=\count88
\c@figure=\count89
\c@table=\count90
\abovecaptionskip=\skip80
\belowcaptionskip=\skip81
\bibindent=\dimen102
)
\@logocopywidth=\skip82
\@logocopyheight=\skip83
\@logowidth=\skip84
) (./ubcostyle.sty (/usr/local/texlive/2014/texmf-dist/tex/latex/fancyhdr/fancy
hdr.sty
\fancy@headwidth=\skip85
\f@ncyO@elh=\skip86
\f@ncyO@erh=\skip87
\f@ncyO@olh=\skip88
\f@ncyO@orh=\skip89
\f@ncyO@elf=\skip90
\f@ncyO@erf=\skip91
\f@ncyO@olf=\skip92
\f@ncyO@orf=\skip93
)
(/usr/local/texlive/2014/texmf-dist/tex/latex/etex-pkg/etex.sty
Package: etex 1998/03/26 v2.0 eTeX basic definition package (PEB)
\et@xins=\count91
)
(/usr/local/texlive/2014/texmf-dist/tex/latex/bezos/checkend.sty
Package: checkend 2002/04/20 v1.0 Environment checking
)
(/usr/local/texlive/2014/texmf-dist/tex/latex/natbib/natbib.sty
Package: natbib 2010/09/13 8.31b (PWD, AO)
\bibhang=\skip94
\bibsep=\skip95
LaTeX Info: Redefining \cite on input line 694.
\c@NAT@ctr=\count92
)
(/usr/local/texlive/2014/texmf-dist/tex/latex/tools/afterpage.sty
Package: afterpage 1995/10/27 v1.08 After-Page Package (DPC)
\AP@output=\toks14
\AP@partial=\box26
\AP@footins=\box27
)
(/usr/local/texlive/2014/texmf-dist/tex/latex/float/float.sty
Package: float 2001/11/08 v1.3d Float enhancements (AL)
\c@float@type=\count93
\float@exts=\toks15
\float@box=\box28
\@float@everytoks=\toks16
\@floatcapt=\box29
)
(/usr/local/texlive/2014/texmf-dist/tex/latex/graphics/lscape.sty
Package: lscape 2000/10/22 v3.01 Landscape Pages (DPC)

(/usr/local/texlive/2014/texmf-dist/tex/latex/graphics/graphics.sty
Package: graphics 2009/02/05 v1.0o Standard LaTeX Graphics (DPC,SPQR)

(/usr/local/texlive/2014/texmf-dist/tex/latex/graphics/trig.sty
Package: trig 1999/03/16 v1.09 sin cos tan (DPC)
)
(/usr/local/texlive/2014/texmf-dist/tex/latex/latexconfig/graphics.cfg
File: graphics.cfg 2010/04/23 v1.9 graphics configuration of TeX Live
)
Package graphics Info: Driver file: pdftex.def on input line 91.

(/usr/local/texlive/2014/texmf-dist/tex/latex/pdftex-def/pdftex.def
File: pdftex.def 2011/05/27 v0.06d Graphics/color for pdfTeX

(/usr/local/texlive/2014/texmf-dist/tex/generic/oberdiek/infwarerr.sty
Package: infwarerr 2010/04/08 v1.3 Providing info/warning/error messages (HO)
)
(/usr/local/texlive/2014/texmf-dist/tex/generic/oberdiek/ltxcmds.sty
Package: ltxcmds 2011/11/09 v1.22 LaTeX kernel commands for general use (HO)
)
\Gread@gobject=\count94
)))
(/usr/local/texlive/2014/texmf-dist/tex/latex/psfrag/psfrag.sty
Package: psfrag 1998/04/11 v3.04 PSfrag (MCG)
\pfg@pcount=\count95
\pfg@scount=\count96
\pfg@temp=\write3
)
(/usr/local/texlive/2014/texmf-dist/tex/latex/appendix/appendix.sty
Package: appendix 2009/09/02 v1.2b extra appendix facilities
\c@@pps=\count97
\c@@ppsavesec=\count98
\c@@ppsaveapp=\count99
)
(/usr/local/texlive/2014/texmf-dist/tex/latex/tools/indentfirst.sty
Package: indentfirst 1995/11/23 v1.03 Indent first paragraph (DPC)
)
(/usr/local/texlive/2014/texmf-dist/tex/latex/graphics/graphicx.sty
Package: graphicx 2014/04/25 v1.0g Enhanced LaTeX Graphics (DPC,SPQR)

(/usr/local/texlive/2014/texmf-dist/tex/latex/graphics/keyval.sty
Package: keyval 2014/05/08 v1.15 key=value parser (DPC)
\KV@toks@=\toks17
)
\Gin@req@height=\dimen103
\Gin@req@width=\dimen104
)
(/usr/local/texlive/2014/texmf-dist/tex/latex/subfigure/subfigure.sty
Package: subfigure 2002/03/15 v2.1.5 subfigure package
\subfigtopskip=\skip96
\subfigcapskip=\skip97
\subfigcaptopadj=\dimen105
\subfigbottomskip=\skip98
\subfigcapmargin=\dimen106
\subfiglabelskip=\skip99
\c@subfigure=\count100
\c@lofdepth=\count101
\c@subtable=\count102
\c@lotdepth=\count103

****************************************
* Local config file subfigure.cfg used *
****************************************
(/usr/local/texlive/2014/texmf-dist/tex/latex/subfigure/subfigure.cfg)
\subfig@top=\skip100
\subfig@bottom=\skip101
)
(/usr/local/texlive/2014/texmf-dist/tex/latex/multirow/multirow.sty
\bigstrutjot=\dimen107
)
(/usr/local/texlive/2014/texmf-dist/tex/latex/booktabs/booktabs.sty
Package: booktabs 2005/04/14 v1.61803 publication quality tables
\heavyrulewidth=\dimen108
\lightrulewidth=\dimen109
\cmidrulewidth=\dimen110
\belowrulesep=\dimen111
\belowbottomsep=\dimen112
\aboverulesep=\dimen113
\abovetopsep=\dimen114
\cmidrulesep=\dimen115
\cmidrulekern=\dimen116
\defaultaddspace=\dimen117
\@cmidla=\count104
\@cmidlb=\count105
\@aboverulesep=\dimen118
\@belowrulesep=\dimen119
\@thisruleclass=\count106
\@lastruleclass=\count107
\@thisrulewidth=\dimen120
)
(/usr/local/texlive/2014/texmf-dist/tex/latex/ctable/ctable.sty
Package: ctable 2014/04/25 v1.29 ctable package for \ flexible typesetting of t
able and figure floats using key/value directives

(/usr/local/texlive/2014/texmf-dist/tex/generic/oberdiek/ifpdf.sty
Package: ifpdf 2011/01/30 v2.3 Provides the ifpdf switch (HO)
Package ifpdf Info: pdfTeX in PDF mode is detected.
)
(/usr/local/texlive/2014/texmf-dist/tex/latex/xcolor/xcolor.sty
Package: xcolor 2007/01/21 v2.11 LaTeX color extensions (UK)

(/usr/local/texlive/2014/texmf-dist/tex/latex/latexconfig/color.cfg
File: color.cfg 2007/01/18 v1.5 color configuration of teTeX/TeXLive
)
Package xcolor Info: Driver file: pdftex.def on input line 225.
Package xcolor Info: Model `cmy' substituted by `cmy0' on input line 1337.
Package xcolor Info: Model `hsb' substituted by `rgb' on input line 1341.
Package xcolor Info: Model `RGB' extended on input line 1353.
Package xcolor Info: Model `HTML' substituted by `rgb' on input line 1355.
Package xcolor Info: Model `Hsb' substituted by `hsb' on input line 1356.
Package xcolor Info: Model `tHsb' substituted by `hsb' on input line 1357.
Package xcolor Info: Model `HSB' substituted by `hsb' on input line 1358.
Package xcolor Info: Model `Gray' substituted by `gray' on input line 1359.
Package xcolor Info: Model `wave' substituted by `hsb' on input line 1360.
)
(/usr/local/texlive/2014/texmf-dist/tex/latex/xkeyval/xkeyval.sty
Package: xkeyval 2014/05/09 v2.6d package option processing (HA)

(/usr/local/texlive/2014/texmf-dist/tex/generic/xkeyval/xkeyval.tex
\XKV@toks=\toks18
\XKV@tempa@toks=\toks19
\XKV@depth=\count108
File: xkeyval.tex 2014/05/09 v2.6d key=value parser (HA)
))
(/usr/local/texlive/2014/texmf-dist/tex/latex/tools/array.sty
Package: array 2008/09/09 v2.4c Tabular extension package (FMi)
\col@sep=\dimen121
\extrarowheight=\dimen122
\NC@list=\toks20
\extratabsurround=\skip102
\backup@length=\skip103
)
(/usr/local/texlive/2014/texmf-dist/tex/latex/tools/tabularx.sty
Package: tabularx 2014/05/13 v2.10 `tabularx' package (DPC)
\TX@col@width=\dimen123
\TX@old@table=\dimen124
\TX@old@col=\dimen125
\TX@target=\dimen126
\TX@delta=\dimen127
\TX@cols=\count109
\TX@ftn=\toks21
)
(/usr/local/texlive/2014/texmf-dist/tex/latex/rotating/rotating.sty
Package: rotating 2009/03/28 v2.16a rotated objects in LaTeX

(/usr/local/texlive/2014/texmf-dist/tex/latex/base/ifthen.sty
Package: ifthen 2001/05/26 v1.1c Standard LaTeX ifthen package (DPC)
)
\c@r@tfl@t=\count110
\rotFPtop=\skip104
\rotFPbot=\skip105
\rot@float@box=\box30
\rot@mess@toks=\toks22
)
(/usr/local/texlive/2014/texmf-dist/tex/latex/oberdiek/transparent.sty
Package: transparent 2007/01/08 v1.0 Transparency via pdfTeX's color stack (HO)


(/usr/local/texlive/2014/texmf-dist/tex/latex/oberdiek/auxhook.sty
Package: auxhook 2011/03/04 v1.3 Hooks for auxiliary files (HO)
))
\@ctblframesep=\dimen128
\@defaultctblframesep=\dimen129
\@ctblframerule=\dimen130
\@defaultctblframerule=\dimen131
\@ctblwidth=\dimen132
\@defaultctblwidth=\dimen133
\@ctblcaptionskip=\dimen134
\@defaultctblcaptionskip=\dimen135
\@ctblmaxwidth=\dimen136
\@defaultctblmaxwidth=\dimen137
\@ctblmincapwidth=\dimen138
\@defaultctblmincapwidth=\dimen139
\@ctblfooterwidth=\dimen140
\@defaultctblfooterwidth=\dimen141
\@ctblw=\dimen142
\@ctblfloatwidth=\dimen143
\@ctbloldsep=\dimen144
\@ctbloldrule=\dimen145
\ctbl@t=\box31
\@ctblcurftwidth=\dimen146
)
(/usr/local/texlive/2014/texmf-dist/tex/latex/xtab/xtab.sty
Package: xtab 2011/07/31 v2.3f Extended supertabular package
\c@tracingst=\count111
\PWSTcapht=\dimen147
\ST@wd=\dimen148
\ST@rightskip=\skip106
\ST@leftskip=\skip107
\ST@parfillskip=\skip108
\c@PWSTtable=\count112
\PWSTlastpage=\count113
\PWSTpenultimate=\count114
\PWSTcurpage=\count115
\PWSTtempc=\count116
\PWSTlines=\count117
\PWST@lastht=\dimen149
\PWST@generalht=\dimen150
\PWST@ht=\dimen151
\ST@pageleft=\dimen152
\ST@headht=\dimen153
\ST@tailht=\dimen154
\ST@pagesofar=\dimen155
\ST@pboxht=\dimen156
\ST@lineht=\dimen157
\ST@stretchht=\dimen158
\ST@prevht=\dimen159
\ST@toadd=\dimen160
\ST@dimen=\dimen161
\ST@pbox=\box32
)
(/usr/local/texlive/2014/texmf-dist/tex/latex/tools/calc.sty
Package: calc 2007/08/22 v4.3 Infix arithmetic (KKT,FJ)
\calc@Acount=\count118
\calc@Bcount=\count119
\calc@Adimen=\dimen162
\calc@Bdimen=\dimen163
\calc@Askip=\skip109
\calc@Bskip=\skip110
LaTeX Info: Redefining \setlength on input line 75.
LaTeX Info: Redefining \addtolength on input line 76.
\calc@Ccount=\count120
\calc@Cskip=\skip111
)
(/usr/local/texlive/2014/texmf-dist/tex/latex/tocloft/tocloft.sty
Package: tocloft 2013/05/02 v2.3f parameterised ToC, etc., typesetting
Package tocloft Info: The document has chapter divisions on input line 44.
\cftparskip=\skip112
\cftbeforetoctitleskip=\skip113
\cftaftertoctitleskip=\skip114
\cftbeforepartskip=\skip115
\cftpartnumwidth=\skip116
\cftpartindent=\skip117
\cftbeforechapskip=\skip118
\cftchapindent=\skip119
\cftchapnumwidth=\skip120
\cftbeforesecskip=\skip121
\cftsecindent=\skip122
\cftsecnumwidth=\skip123
\cftbeforesubsecskip=\skip124
\cftsubsecindent=\skip125
\cftsubsecnumwidth=\skip126
\cftbeforesubsubsecskip=\skip127
\cftsubsubsecindent=\skip128
\cftsubsubsecnumwidth=\skip129
\cftbeforeparaskip=\skip130
\cftparaindent=\skip131
\cftparanumwidth=\skip132
\cftbeforesubparaskip=\skip133
\cftsubparaindent=\skip134
\cftsubparanumwidth=\skip135
\cftbeforeloftitleskip=\skip136
\cftafterloftitleskip=\skip137
\cftbeforefigskip=\skip138
\cftfigindent=\skip139
\cftfignumwidth=\skip140
\cftbeforelottitleskip=\skip141
\cftafterlottitleskip=\skip142
\cftbeforetabskip=\skip143
\cfttabindent=\skip144
\cfttabnumwidth=\skip145
\cftbeforesubfigskip=\skip146
\cftsubfigindent=\skip147
\cftsubfignumwidth=\skip148
\cftbeforesubtabskip=\skip149
\cftsubtabindent=\skip150
\cftsubtabnumwidth=\skip151
)
(/usr/local/texlive/2014/texmf-dist/tex/latex/epigraph/epigraph.sty
Package: epigraph 2009/09/02 v1.5c typesetting epigraphs
\beforeepigraphskip=\skip152
\afterepigraphskip=\skip153
\epigraphwidth=\skip154
\epigraphrule=\skip155
)
(/usr/local/texlive/2014/texmf-dist/tex/latex/amsmath/amsmath.sty
Package: amsmath 2013/01/14 v2.14 AMS math features
\@mathmargin=\skip156

For additional information on amsmath, use the `?' option.
(/usr/local/texlive/2014/texmf-dist/tex/latex/amsmath/amstext.sty
Package: amstext 2000/06/29 v2.01

(/usr/local/texlive/2014/texmf-dist/tex/latex/amsmath/amsgen.sty
File: amsgen.sty 1999/11/30 v2.0
\@emptytoks=\toks23
\ex@=\dimen164
))
(/usr/local/texlive/2014/texmf-dist/tex/latex/amsmath/amsbsy.sty
Package: amsbsy 1999/11/29 v1.2d
\pmbraise@=\dimen165
)
(/usr/local/texlive/2014/texmf-dist/tex/latex/amsmath/amsopn.sty
Package: amsopn 1999/12/14 v2.01 operator names
)
\inf@bad=\count121
LaTeX Info: Redefining \frac on input line 210.
\uproot@=\count122
\leftroot@=\count123
LaTeX Info: Redefining \overline on input line 306.
\classnum@=\count124
\DOTSCASE@=\count125
LaTeX Info: Redefining \ldots on input line 378.
LaTeX Info: Redefining \dots on input line 381.
LaTeX Info: Redefining \cdots on input line 466.
\Mathstrutbox@=\box33
\strutbox@=\box34
\big@size=\dimen166
LaTeX Font Info:    Redeclaring font encoding OML on input line 566.
LaTeX Font Info:    Redeclaring font encoding OMS on input line 567.
\macc@depth=\count126
\c@MaxMatrixCols=\count127
\dotsspace@=\muskip10
\c@parentequation=\count128
\dspbrk@lvl=\count129
\tag@help=\toks24
\row@=\count130
\column@=\count131
\maxfields@=\count132
\andhelp@=\toks25
\eqnshift@=\dimen167
\alignsep@=\dimen168
\tagshift@=\dimen169
\tagwidth@=\dimen170
\totwidth@=\dimen171
\lineht@=\dimen172
\@envbody=\toks26
\multlinegap=\skip157
\multlinetaggap=\skip158
\mathdisplay@stack=\toks27
LaTeX Info: Redefining \[ on input line 2665.
LaTeX Info: Redefining \] on input line 2666.
)
(/usr/local/texlive/2014/texmf-dist/tex/latex/amscls/amsthm.sty
Package: amsthm 2004/08/06 v2.20
\thm@style=\toks28
\thm@bodyfont=\toks29
\thm@headfont=\toks30
\thm@notefont=\toks31
\thm@headpunct=\toks32
\thm@preskip=\skip159
\thm@postskip=\skip160
\thm@headsep=\skip161
\dth@everypar=\toks33
)
(/usr/local/texlive/2014/texmf-dist/tex/latex/amsfonts/amssymb.sty
Package: amssymb 2013/01/14 v3.01 AMS font symbols

(/usr/local/texlive/2014/texmf-dist/tex/latex/amsfonts/amsfonts.sty
Package: amsfonts 2013/01/14 v3.01 Basic AMSFonts support
\symAMSa=\mathgroup4
\symAMSb=\mathgroup5
LaTeX Font Info:    Overwriting math alphabet `\mathfrak' in version `bold'
(Font)                  U/euf/m/n --> U/euf/b/n on input line 106.
))
(/usr/local/texlive/2014/texmf-dist/tex/latex/tools/multicol.sty
Package: multicol 2014/04/23 v1.8e multicolumn formatting (FMi)
\c@tracingmulticols=\count133
\mult@box=\box35
\multicol@leftmargin=\dimen173
\c@unbalance=\count134
\c@collectmore=\count135
\doublecol@number=\count136
\multicoltolerance=\count137
\multicolpretolerance=\count138
\full@width=\dimen174
\page@free=\dimen175
\premulticols=\dimen176
\postmulticols=\dimen177
\multicolsep=\skip162
\multicolbaselineskip=\skip163
\partial@page=\box36
\last@line=\box37
\maxbalancingoverflow=\dimen178
\mult@rightbox=\box38
\mult@grightbox=\box39
\mult@gfirstbox=\box40
\mult@firstbox=\box41
\@tempa=\box42
\@tempa=\box43
\@tempa=\box44
\@tempa=\box45
\@tempa=\box46
\@tempa=\box47
\@tempa=\box48
\@tempa=\box49
\@tempa=\box50
\@tempa=\box51
\@tempa=\box52
\@tempa=\box53
\@tempa=\box54
\@tempa=\box55
\@tempa=\box56
\@tempa=\box57
\@tempa=\box58
\c@columnbadness=\count139
\c@finalcolumnbadness=\count140
\last@try=\dimen179
\multicolovershoot=\dimen180
\multicolundershoot=\dimen181
\mult@nat@firstbox=\box59
\colbreak@box=\box60
\mc@col@check@num=\count141
)
(/usr/local/texlive/2014/texmf-dist/tex/latex/algorithm2e/algorithm2e.sty
Package: algorithm2e 2013/01/06 v5.00 algorithms environments
\c@AlgoLine=\count142

(/usr/local/texlive/2014/texmf-dist/tex/latex/tools/xspace.sty
Package: xspace 2009/10/20 v1.13 Space after command names (DPC,MH)
)
(/usr/local/texlive/2014/texmf-dist/tex/latex/relsize/relsize.sty
Package: relsize 2013/03/29 ver 4.1
)
********************************************************
Package `algorithm2e' Release 5.0 -- january 06 2013 --
- algorithm2e-announce@lirmm.fr mailing list for announcement about releases
- algorithm2e-discussion@lirmm.fr mailing list for discussion about package
subscribe by emailing sympa@lirmm.fr with 'subscribe <list> <firstname name>'
- Author: Christophe Fiorio (cfiorio@um2.fr)
********************************************************
\skiptotal=\skip164
\skiplinenumber=\skip165
\skiprule=\skip166
\skiphlne=\skip167
\skiptext=\skip168
\skiplength=\skip169
\algomargin=\skip170
\skipalgocfslide=\skip171
\algowidth=\dimen182
\inoutsize=\dimen183
\inoutindent=\dimen184
\interspacetitleruled=\dimen185
\interspacealgoruled=\dimen186
\interspacetitleboxruled=\dimen187
\algocf@inoutbox=\box61
\algocf@inputbox=\box62
\AlCapSkip=\skip172
\AlCapHSkip=\skip173
\algoskipindent=\skip174
\algocf@nlbox=\box63
\algocf@hangingbox=\box64
\algocf@untilbox=\box65
\algocf@skipuntil=\skip175
\algocf@capbox=\box66
\algoheightruledefault=\skip176
\algoheightrule=\skip177
\algotitleheightruledefault=\skip178
\algotitleheightrule=\skip179
\c@algocfline=\count143
\c@algocfproc=\count144
\c@algocf=\count145
\algocf@algoframe=\box67
\algocf@algobox=\box68
) (/usr/local/texlive/2014/texmf-dist/tex/latex/hyperref/hyperref.sty
Package: hyperref 2012/11/06 v6.83m Hypertext links for LaTeX

(/usr/local/texlive/2014/texmf-dist/tex/generic/oberdiek/hobsub-hyperref.sty
Package: hobsub-hyperref 2012/05/28 v1.13 Bundle oberdiek, subset hyperref (HO)


(/usr/local/texlive/2014/texmf-dist/tex/generic/oberdiek/hobsub-generic.sty
Package: hobsub-generic 2012/05/28 v1.13 Bundle oberdiek, subset generic (HO)
Package: hobsub 2012/05/28 v1.13 Construct package bundles (HO)
Package hobsub Info: Skipping package `infwarerr' (already loaded).
Package hobsub Info: Skipping package `ltxcmds' (already loaded).
Package: ifluatex 2010/03/01 v1.3 Provides the ifluatex switch (HO)
Package ifluatex Info: LuaTeX not detected.
Package: ifvtex 2010/03/01 v1.5 Detect VTeX and its facilities (HO)
Package ifvtex Info: VTeX not detected.
Package: intcalc 2007/09/27 v1.1 Expandable calculations with integers (HO)
Package hobsub Info: Skipping package `ifpdf' (already loaded).
Package: etexcmds 2011/02/16 v1.5 Avoid name clashes with e-TeX commands (HO)
Package etexcmds Info: Could not find \expanded.
(etexcmds)             That can mean that you are not using pdfTeX 1.50 or
(etexcmds)             that some package has redefined \expanded.
(etexcmds)             In the latter case, load this package earlier.
Package: kvsetkeys 2012/04/25 v1.16 Key value parser (HO)
Package: kvdefinekeys 2011/04/07 v1.3 Define keys (HO)
Package: pdftexcmds 2011/11/29 v0.20 Utility functions of pdfTeX for LuaTeX (HO
)
Package pdftexcmds Info: LuaTeX not detected.
Package pdftexcmds Info: \pdf@primitive is available.
Package pdftexcmds Info: \pdf@ifprimitive is available.
Package pdftexcmds Info: \pdfdraftmode found.
Package: pdfescape 2011/11/25 v1.13 Implements pdfTeX's escape features (HO)
Package: bigintcalc 2012/04/08 v1.3 Expandable calculations on big integers (HO
)
Package: bitset 2011/01/30 v1.1 Handle bit-vector datatype (HO)
Package: uniquecounter 2011/01/30 v1.2 Provide unlimited unique counter (HO)
)
Package hobsub Info: Skipping package `hobsub' (already loaded).
Package: letltxmacro 2010/09/02 v1.4 Let assignment for LaTeX macros (HO)
Package: hopatch 2012/05/28 v1.2 Wrapper for package hooks (HO)
Package: xcolor-patch 2011/01/30 xcolor patch
Package: atveryend 2011/06/30 v1.8 Hooks at the very end of document (HO)
Package atveryend Info: \AP@enddocument detected (standard20110627).
Package: atbegshi 2011/10/05 v1.16 At begin shipout hook (HO)
Package: refcount 2011/10/16 v3.4 Data extraction from label references (HO)
Package: hycolor 2011/01/30 v1.7 Color options for hyperref/bookmark (HO)
)
(/usr/local/texlive/2014/texmf-dist/tex/generic/ifxetex/ifxetex.sty
Package: ifxetex 2010/09/12 v0.6 Provides ifxetex conditional
)
(/usr/local/texlive/2014/texmf-dist/tex/latex/oberdiek/kvoptions.sty
Package: kvoptions 2011/06/30 v3.11 Key value format for package options (HO)
)
\@linkdim=\dimen188
\Hy@linkcounter=\count146
\Hy@pagecounter=\count147

(/usr/local/texlive/2014/texmf-dist/tex/latex/hyperref/pd1enc.def
File: pd1enc.def 2012/11/06 v6.83m Hyperref: PDFDocEncoding definition (HO)
)
\Hy@SavedSpaceFactor=\count148

(/usr/local/texlive/2014/texmf-dist/tex/latex/latexconfig/hyperref.cfg
File: hyperref.cfg 2002/06/06 v1.2 hyperref configuration of TeXLive
)
Package hyperref Info: Option `bookmarks' set `true' on input line 4319.
Package hyperref Info: Option `bookmarksnumbered' set `true' on input line 4319
.
Package hyperref Info: Option `colorlinks' set `false' on input line 4319.
Package hyperref Info: Option `linktocpage' set `true' on input line 4319.
Package hyperref Info: Hyper figures OFF on input line 4443.
Package hyperref Info: Link nesting OFF on input line 4448.
Package hyperref Info: Hyper index ON on input line 4451.
Package hyperref Info: Plain pages OFF on input line 4458.
Package hyperref Info: Backreferencing ON on input line 4461.
Package hyperref Info: Implicit mode ON; LaTeX internals redefined.
Package hyperref Info: Bookmarks ON on input line 4688.

(/usr/local/texlive/2014/texmf-dist/tex/latex/hyperref/backref.sty
Package: backref 2012/07/25 v1.38 Bibliographical back referencing

(/usr/local/texlive/2014/texmf-dist/tex/latex/oberdiek/rerunfilecheck.sty
Package: rerunfilecheck 2011/04/15 v1.7 Rerun checks for auxiliary files (HO)
Package uniquecounter Info: New unique counter `rerunfilecheck' on input line 2
82.
))
\c@Hy@tempcnt=\count149

(/usr/local/texlive/2014/texmf-dist/tex/latex/url/url.sty
\Urlmuskip=\muskip11
Package: url 2013/09/16  ver 3.4  Verb mode for urls, etc.
)
LaTeX Info: Redefining \url on input line 5041.
\XeTeXLinkMargin=\dimen189
\Fld@menulength=\count150
\Field@Width=\dimen190
\Fld@charsize=\dimen191
Package hyperref Info: Hyper figures OFF on input line 6295.
Package hyperref Info: Link nesting OFF on input line 6300.
Package hyperref Info: Hyper index ON on input line 6303.
Package hyperref Info: backreferencing ON on input line 6308.
Package hyperref Info: Link coloring OFF on input line 6315.
Package hyperref Info: Link coloring with OCG OFF on input line 6320.
Package hyperref Info: PDF/A mode OFF on input line 6325.
LaTeX Info: Redefining \ref on input line 6365.
LaTeX Info: Redefining \pageref on input line 6369.
\Hy@abspage=\count151
\c@Item=\count152
\c@Hfootnote=\count153
)

Package hyperref Message: Driver (autodetected): hpdftex.

(/usr/local/texlive/2014/texmf-dist/tex/latex/hyperref/hpdftex.def
File: hpdftex.def 2012/11/06 v6.83m Hyperref driver for pdfTeX
\Fld@listcount=\count154
\c@bookmark@seq@number=\count155
\Hy@SectionHShift=\skip180
)
\c@theorem=\count156
)
(/usr/local/texlive/2014/texmf-dist/tex/latex/pgf/basiclayer/pgf.sty
(/usr/local/texlive/2014/texmf-dist/tex/latex/pgf/utilities/pgfrcs.sty
(/usr/local/texlive/2014/texmf-dist/tex/generic/pgf/utilities/pgfutil-common.te
x
\pgfutil@everybye=\toks34
\pgfutil@tempdima=\dimen192
\pgfutil@tempdimb=\dimen193

(/usr/local/texlive/2014/texmf-dist/tex/generic/pgf/utilities/pgfutil-common-li
sts.tex))
(/usr/local/texlive/2014/texmf-dist/tex/generic/pgf/utilities/pgfutil-latex.def
\pgfutil@abb=\box69
(/usr/local/texlive/2014/texmf-dist/tex/latex/ms/everyshi.sty
Package: everyshi 2001/05/15 v3.00 EveryShipout Package (MS)
))
(/usr/local/texlive/2014/texmf-dist/tex/generic/pgf/utilities/pgfrcs.code.tex
Package: pgfrcs 2013/12/20 v3.0.0 (rcs-revision 1.28)
))
Package: pgf 2013/12/18 v3.0.0 (rcs-revision 1.14)
(/usr/local/texlive/2014/texmf-dist/tex/latex/pgf/basiclayer/pgfcore.sty
(/usr/local/texlive/2014/texmf-dist/tex/latex/pgf/systemlayer/pgfsys.sty
(/usr/local/texlive/2014/texmf-dist/tex/generic/pgf/systemlayer/pgfsys.code.tex
Package: pgfsys 2013/11/30 v3.0.0 (rcs-revision 1.47)
(/usr/local/texlive/2014/texmf-dist/tex/generic/pgf/utilities/pgfkeys.code.tex
\pgfkeys@pathtoks=\toks35
\pgfkeys@temptoks=\toks36

(/usr/local/texlive/2014/texmf-dist/tex/generic/pgf/utilities/pgfkeysfiltered.c
ode.tex
\pgfkeys@tmptoks=\toks37
))
\pgf@x=\dimen194
\pgf@y=\dimen195
\pgf@xa=\dimen196
\pgf@ya=\dimen197
\pgf@xb=\dimen198
\pgf@yb=\dimen199
\pgf@xc=\dimen200
\pgf@yc=\dimen201
\w@pgf@writea=\write4
\r@pgf@reada=\read1
\c@pgf@counta=\count157
\c@pgf@countb=\count158
\c@pgf@countc=\count159
\c@pgf@countd=\count160
\t@pgf@toka=\toks38
\t@pgf@tokb=\toks39
\t@pgf@tokc=\toks40

(/usr/local/texlive/2014/texmf-dist/tex/generic/pgf/systemlayer/pgf.cfg
File: pgf.cfg 2008/05/14  (rcs-revision 1.7)
)
Driver file for pgf: pgfsys-pdftex.def

(/usr/local/texlive/2014/texmf-dist/tex/generic/pgf/systemlayer/pgfsys-pdftex.d
ef
File: pgfsys-pdftex.def 2013/07/18  (rcs-revision 1.33)

(/usr/local/texlive/2014/texmf-dist/tex/generic/pgf/systemlayer/pgfsys-common-p
df.def
File: pgfsys-common-pdf.def 2013/10/10  (rcs-revision 1.13)
)))
(/usr/local/texlive/2014/texmf-dist/tex/generic/pgf/systemlayer/pgfsyssoftpath.
code.tex
File: pgfsyssoftpath.code.tex 2013/09/09  (rcs-revision 1.9)
\pgfsyssoftpath@smallbuffer@items=\count161
\pgfsyssoftpath@bigbuffer@items=\count162
)
(/usr/local/texlive/2014/texmf-dist/tex/generic/pgf/systemlayer/pgfsysprotocol.
code.tex
File: pgfsysprotocol.code.tex 2006/10/16  (rcs-revision 1.4)
))
(/usr/local/texlive/2014/texmf-dist/tex/generic/pgf/basiclayer/pgfcore.code.tex
Package: pgfcore 2010/04/11 v3.0.0 (rcs-revision 1.7)
(/usr/local/texlive/2014/texmf-dist/tex/generic/pgf/math/pgfmath.code.tex
(/usr/local/texlive/2014/texmf-dist/tex/generic/pgf/math/pgfmathcalc.code.tex
(/usr/local/texlive/2014/texmf-dist/tex/generic/pgf/math/pgfmathutil.code.tex)
(/usr/local/texlive/2014/texmf-dist/tex/generic/pgf/math/pgfmathparser.code.tex
\pgfmath@dimen=\dimen202
\pgfmath@count=\count163
\pgfmath@box=\box70
\pgfmath@toks=\toks41
\pgfmath@stack@operand=\toks42
\pgfmath@stack@operation=\toks43
)
(/usr/local/texlive/2014/texmf-dist/tex/generic/pgf/math/pgfmathfunctions.code.
tex
(/usr/local/texlive/2014/texmf-dist/tex/generic/pgf/math/pgfmathfunctions.basic
.code.tex)
(/usr/local/texlive/2014/texmf-dist/tex/generic/pgf/math/pgfmathfunctions.trigo
nometric.code.tex)
(/usr/local/texlive/2014/texmf-dist/tex/generic/pgf/math/pgfmathfunctions.rando
m.code.tex)
(/usr/local/texlive/2014/texmf-dist/tex/generic/pgf/math/pgfmathfunctions.compa
rison.code.tex)
(/usr/local/texlive/2014/texmf-dist/tex/generic/pgf/math/pgfmathfunctions.base.
code.tex)
(/usr/local/texlive/2014/texmf-dist/tex/generic/pgf/math/pgfmathfunctions.round
.code.tex)
(/usr/local/texlive/2014/texmf-dist/tex/generic/pgf/math/pgfmathfunctions.misc.
code.tex)
(/usr/local/texlive/2014/texmf-dist/tex/generic/pgf/math/pgfmathfunctions.integ
erarithmetics.code.tex)))
(/usr/local/texlive/2014/texmf-dist/tex/generic/pgf/math/pgfmathfloat.code.tex
\c@pgfmathroundto@lastzeros=\count164
))
(/usr/local/texlive/2014/texmf-dist/tex/generic/pgf/basiclayer/pgfcorepoints.co
de.tex
File: pgfcorepoints.code.tex 2013/10/07  (rcs-revision 1.27)
\pgf@picminx=\dimen203
\pgf@picmaxx=\dimen204
\pgf@picminy=\dimen205
\pgf@picmaxy=\dimen206
\pgf@pathminx=\dimen207
\pgf@pathmaxx=\dimen208
\pgf@pathminy=\dimen209
\pgf@pathmaxy=\dimen210
\pgf@xx=\dimen211
\pgf@xy=\dimen212
\pgf@yx=\dimen213
\pgf@yy=\dimen214
\pgf@zx=\dimen215
\pgf@zy=\dimen216
)
(/usr/local/texlive/2014/texmf-dist/tex/generic/pgf/basiclayer/pgfcorepathconst
ruct.code.tex
File: pgfcorepathconstruct.code.tex 2013/10/07  (rcs-revision 1.29)
\pgf@path@lastx=\dimen217
\pgf@path@lasty=\dimen218
)
(/usr/local/texlive/2014/texmf-dist/tex/generic/pgf/basiclayer/pgfcorepathusage
.code.tex
File: pgfcorepathusage.code.tex 2013/12/13  (rcs-revision 1.23)
\pgf@shorten@end@additional=\dimen219
\pgf@shorten@start@additional=\dimen220
)
(/usr/local/texlive/2014/texmf-dist/tex/generic/pgf/basiclayer/pgfcorescopes.co
de.tex
File: pgfcorescopes.code.tex 2013/10/09  (rcs-revision 1.44)
\pgfpic=\box71
\pgf@hbox=\box72
\pgf@layerbox@main=\box73
\pgf@picture@serial@count=\count165
)
(/usr/local/texlive/2014/texmf-dist/tex/generic/pgf/basiclayer/pgfcoregraphicst
ate.code.tex
File: pgfcoregraphicstate.code.tex 2013/09/19  (rcs-revision 1.11)
\pgflinewidth=\dimen221
)
(/usr/local/texlive/2014/texmf-dist/tex/generic/pgf/basiclayer/pgfcoretransform
ations.code.tex
File: pgfcoretransformations.code.tex 2013/10/10  (rcs-revision 1.17)
\pgf@pt@x=\dimen222
\pgf@pt@y=\dimen223
\pgf@pt@temp=\dimen224
)
(/usr/local/texlive/2014/texmf-dist/tex/generic/pgf/basiclayer/pgfcorequick.cod
e.tex
File: pgfcorequick.code.tex 2008/10/09  (rcs-revision 1.3)
)
(/usr/local/texlive/2014/texmf-dist/tex/generic/pgf/basiclayer/pgfcoreobjects.c
ode.tex
File: pgfcoreobjects.code.tex 2006/10/11  (rcs-revision 1.2)
)
(/usr/local/texlive/2014/texmf-dist/tex/generic/pgf/basiclayer/pgfcorepathproce
ssing.code.tex
File: pgfcorepathprocessing.code.tex 2013/09/09  (rcs-revision 1.9)
)
(/usr/local/texlive/2014/texmf-dist/tex/generic/pgf/basiclayer/pgfcorearrows.co
de.tex
File: pgfcorearrows.code.tex 2013/11/07  (rcs-revision 1.40)
\pgfarrowsep=\dimen225
)
(/usr/local/texlive/2014/texmf-dist/tex/generic/pgf/basiclayer/pgfcoreshade.cod
e.tex
File: pgfcoreshade.code.tex 2013/07/15  (rcs-revision 1.15)
\pgf@max=\dimen226
\pgf@sys@shading@range@num=\count166
)
(/usr/local/texlive/2014/texmf-dist/tex/generic/pgf/basiclayer/pgfcoreimage.cod
e.tex
File: pgfcoreimage.code.tex 2013/07/15  (rcs-revision 1.18)

(/usr/local/texlive/2014/texmf-dist/tex/generic/pgf/basiclayer/pgfcoreexternal.
code.tex
File: pgfcoreexternal.code.tex 2013/07/15  (rcs-revision 1.20)
\pgfexternal@startupbox=\box74
))
(/usr/local/texlive/2014/texmf-dist/tex/generic/pgf/basiclayer/pgfcorelayers.co
de.tex
File: pgfcorelayers.code.tex 2013/07/18  (rcs-revision 1.7)
)
(/usr/local/texlive/2014/texmf-dist/tex/generic/pgf/basiclayer/pgfcoretranspare
ncy.code.tex
File: pgfcoretransparency.code.tex 2013/09/30  (rcs-revision 1.5)
)
(/usr/local/texlive/2014/texmf-dist/tex/generic/pgf/basiclayer/pgfcorepatterns.
code.tex
File: pgfcorepatterns.code.tex 2013/11/07  (rcs-revision 1.5)
)))
(/usr/local/texlive/2014/texmf-dist/tex/generic/pgf/modules/pgfmoduleshapes.cod
e.tex
File: pgfmoduleshapes.code.tex 2013/10/31  (rcs-revision 1.34)
\pgfnodeparttextbox=\box75
)
(/usr/local/texlive/2014/texmf-dist/tex/generic/pgf/modules/pgfmoduleplot.code.
tex
File: pgfmoduleplot.code.tex 2013/07/31  (rcs-revision 1.12)
)
(/usr/local/texlive/2014/texmf-dist/tex/latex/pgf/compatibility/pgfcomp-version
-0-65.sty
Package: pgfcomp-version-0-65 2007/07/03 v3.0.0 (rcs-revision 1.7)
\pgf@nodesepstart=\dimen227
\pgf@nodesepend=\dimen228
)
(/usr/local/texlive/2014/texmf-dist/tex/latex/pgf/compatibility/pgfcomp-version
-1-18.sty
Package: pgfcomp-version-1-18 2007/07/23 v3.0.0 (rcs-revision 1.1)
)) (/usr/local/texlive/2014/texmf-dist/tex/latex/siunitx/siunitx.sty
(/usr/local/texlive/2014/texmf-dist/tex/latex/l3kernel/expl3.sty
Package: expl3 2014/05/20 v4814 L3 programming layer (loader) 

(/usr/local/texlive/2014/texmf-dist/tex/latex/l3kernel/expl3-code.tex
Package: expl3 2014/05/20 v4814 L3 programming layer (code) 
L3 Module: l3bootstrap 2014/05/16 v4782 L3 Bootstrap code
L3 Module: l3names 2014/05/04 v4728 L3 Namespace for primitives
L3 Module: l3basics 2014/05/04 v4728 L3 Basic definitions
L3 Module: l3expan 2014/04/30 v4712 L3 Argument expansion
L3 Module: l3tl 2014/05/04 v4728 L3 Token lists
L3 Module: l3seq 2014/04/30 v4712 L3 Sequences and stacks
L3 Module: l3int 2014/05/16 v4776 L3 Integers
\c_max_int=\count167
\l_tmpa_int=\count168
\l_tmpb_int=\count169
\g_tmpa_int=\count170
\g_tmpb_int=\count171
L3 Module: l3quark 2014/05/04 v4728 L3 Quarks
L3 Module: l3prg 2014/05/04 v4728 L3 Control structures
\g__prg_map_int=\count172
L3 Module: l3clist 2014/05/04 v4728 L3 Comma separated lists
L3 Module: l3token 2014/05/04 v4728 L3 Experimental token manipulation
L3 Module: l3prop 2014/04/30 v4712 L3 Property lists
L3 Module: l3msg 2014/05/04 v4728 L3 Messages
L3 Module: l3file 2014/05/05 v4737 L3 File and I/O operations
\l_iow_line_count_int=\count173
\l__iow_target_count_int=\count174
\l__iow_current_line_int=\count175
\l__iow_current_word_int=\count176
\l__iow_current_indentation_int=\count177
L3 Module: l3skip 2014/05/05 v4738 L3 Dimensions and skips
Normal \dimen register pool exhausted, switching to extended pool.
\c_zero_dim=\dimen256
\c_max_dim=\dimen257
\l_tmpa_dim=\dimen258
\l_tmpb_dim=\dimen259
\g_tmpa_dim=\dimen260
\g_tmpb_dim=\dimen261
\c_zero_skip=\skip181
\c_max_skip=\skip182
\l_tmpa_skip=\skip183
\l_tmpb_skip=\skip184
\g_tmpa_skip=\skip185
\g_tmpb_skip=\skip186
\c_zero_muskip=\muskip12
\c_max_muskip=\muskip13
\l_tmpa_muskip=\muskip14
\l_tmpb_muskip=\muskip15
\g_tmpa_muskip=\muskip16
\g_tmpb_muskip=\muskip17
L3 Module: l3keys 2014/05/08 v4753 L3 Key-value interfaces
\g__keyval_level_int=\count178
\l_keys_choice_int=\count179
L3 Module: l3fp 2014/04/30 v4712 L3 Floating points
\c__fp_leading_shift_int=\count180
\c__fp_middle_shift_int=\count181
\c__fp_trailing_shift_int=\count182
\c__fp_big_leading_shift_int=\count183
\c__fp_big_middle_shift_int=\count184
\c__fp_big_trailing_shift_int=\count185
\c__fp_Bigg_leading_shift_int=\count186
\c__fp_Bigg_middle_shift_int=\count187
\c__fp_Bigg_trailing_shift_int=\count188
L3 Module: l3box 2014/05/04 v4728 L3 Experimental boxes
\c_empty_box=\box76
\l_tmpa_box=\box77
\l_tmpb_box=\box78
\g_tmpa_box=\box79
\g_tmpb_box=\box80
L3 Module: l3coffins 2014/05/04 v4728 L3 Coffin code layer
\l__coffin_internal_box=\box81
\l__coffin_internal_dim=\dimen262
\l__coffin_offset_x_dim=\dimen263
\l__coffin_offset_y_dim=\dimen264
\l__coffin_x_dim=\dimen265
\l__coffin_y_dim=\dimen266
\l__coffin_x_prime_dim=\dimen267
\l__coffin_y_prime_dim=\dimen268
\c_empty_coffin=\box82
\l__coffin_aligned_coffin=\box83
\l__coffin_aligned_internal_coffin=\box84
\l_tmpa_coffin=\box85
\l_tmpb_coffin=\box86
\l__coffin_display_coffin=\box87
\l__coffin_display_coord_coffin=\box88
\l__coffin_display_pole_coffin=\box89
\l__coffin_display_offset_dim=\dimen269
\l__coffin_display_x_dim=\dimen270
\l__coffin_display_y_dim=\dimen271
L3 Module: l3color 2014/04/30 v4712 L3 Experimental color support
L3 Module: l3luatex 2014/04/30 v4712 L3 Experimental LuaTeX-specific functions
\g__cctab_allocate_int=\count189
\g__cctab_stack_int=\count190
L3 Module: l3candidates 2014/05/04 v4734 L3 Experimental additions to l3kernel
\l__box_top_dim=\dimen272
\l__box_bottom_dim=\dimen273
\l__box_left_dim=\dimen274
\l__box_right_dim=\dimen275
\l__box_top_new_dim=\dimen276
\l__box_bottom_new_dim=\dimen277
\l__box_left_new_dim=\dimen278
\l__box_right_new_dim=\dimen279
\l__box_internal_box=\box90
\l__coffin_bounding_shift_dim=\dimen280
\l__coffin_left_corner_dim=\dimen281
\l__coffin_right_corner_dim=\dimen282
\l__coffin_bottom_corner_dim=\dimen283
\l__coffin_top_corner_dim=\dimen284
\l__coffin_scaled_total_height_dim=\dimen285
\l__coffin_scaled_width_dim=\dimen286
))
(/usr/local/texlive/2014/texmf-dist/tex/latex/l3packages/xparse/xparse.sty
Package: xparse 2014/05/05 v4740 L3 Experimental document command parser
\l__xparse_current_arg_int=\count191
\l__xparse_m_args_int=\count192
\l__xparse_mandatory_args_int=\count193
\l__xparse_processor_int=\count194
\l__xparse_v_nesting_int=\count195
)
Package: siunitx 2013/07/31 v2.5s A comprehensive (SI) units package

(/usr/local/texlive/2014/texmf-dist/tex/latex/l3packages/l3keys2e/l3keys2e.sty
Package: l3keys2e 2014/05/05 v4740 LaTeX2e option processing using LaTeX3 keys
)
Variant \tl_if_blank:VTF already defined; not changing it on line 50
\l__siunitx_tmp_box=\box91
\l__siunitx_tmp_dim=\dimen287
\l__siunitx_tmp_int=\count196
Variant \prop_get:NVNT already defined; not changing it on line 371
Variant \prop_get:NVNF already defined; not changing it on line 372
Variant \prop_get:NVNTF already defined; not changing it on line 373
\l__siunitx_number_mantissa_length_int=\count197
\l__siunitx_number_uncert_length_int=\count198
\l__siunitx_round_int=\count199
\l__siunitx_process_decimal_int=\count200
\l__siunitx_process_uncertainty_int=\count201
Normal \count register pool exhausted, switching to extended pool.
\l__siunitx_process_fixed_int=\count277
\l__siunitx_process_integer_min_int=\count278
\l__siunitx_process_precision_int=\count279
\l__siunitx_group_min_int=\count280
\l__siunitx_angle_marker_box=\box92
\l__siunitx_angle_unit_box=\box93
\l__siunitx_angle_marker_dim=\dimen288
\l__siunitx_angle_unit_dim=\dimen289
\l__siunitx_unit_int=\count281
\l__siunitx_unit_denominator_int=\count282
\l__siunitx_unit_numerator_int=\count283
\l__siunitx_unit_prefix_int=\count284
\l__siunitx_unit_prefix_base_int=\count285
\l__siunitx_unit_prefix_gram_int=\count286
\l__siunitx_number_product_int=\count287
\c__siunitx_one_fill_skip=\skip187
\l__siunitx_table_unit_align_skip=\skip188
\l__siunitx_table_exponent_dim=\dimen290
\l__siunitx_table_integer_dim=\dimen291
\l__siunitx_table_mantissa_dim=\dimen292
\l__siunitx_table_marker_dim=\dimen293
\l__siunitx_table_result_dim=\dimen294
\l__siunitx_table_uncert_dim=\dimen295
\l__siunitx_table_fill_pre_dim=\dimen296
\l__siunitx_table_fill_post_dim=\dimen297
\l__siunitx_table_fill_mid_dim=\dimen298
\l__siunitx_table_pre_box=\box94
\l__siunitx_table_post_box=\box95
\l__siunitx_table_mantissa_box=\box96
\l__siunitx_table_result_box=\box97
\l__siunitx_table_number_align_skip=\skip189
\l__siunitx_table_text_align_skip=\skip190
.................................................
. LaTeX info: "xparse/define-command"
. 
. Defining document command \DeclareBinaryPrefix with arg. spec. 'mmm' on line
. 7101.
.................................................
.................................................
. LaTeX info: "xparse/define-command"
. 
. Defining document command \DeclareSIPostPower with arg. spec. 'mm' on line
. 7104.
.................................................
.................................................
. LaTeX info: "xparse/define-command"
. 
. Defining document command \DeclareSIPrefix with arg. spec. 'mmm' on line
. 7107.
.................................................
.................................................
. LaTeX info: "xparse/define-command"
. 
. Defining document command \DeclareSIPrePower with arg. spec. 'mm' on line
. 7110.
.................................................
.................................................
. LaTeX info: "xparse/define-command"
. 
. Defining document command \DeclareSIQualifier with arg. spec. 'mm' on line
. 7113.
.................................................
.................................................
. LaTeX info: "xparse/define-command"
. 
. Defining document command \DeclareSIUnit with arg. spec. 'O{}mm' on line
. 7116.
.................................................
.................................................
. LaTeX info: "xparse/define-command"
. 
. Defining document command \DeclareSIUnitWithOptions with arg. spec. 'mmm' on
. line 7119.
.................................................
.................................................
. LaTeX info: "xparse/define-command"
. 
. Defining document command \ang with arg. spec. 'o>{\SplitArgument {2}{;}}m'
. on line 7134.
.................................................
.................................................
. LaTeX info: "xparse/define-command"
. 
. Defining document command \num with arg. spec. 'om' on line 7142.
.................................................
.................................................
. LaTeX info: "xparse/define-command"
. 
. Defining document command \numlist with arg. spec. 'o>{\SplitList {;}}m' on
. line 7150.
.................................................
.................................................
. LaTeX info: "xparse/define-command"
. 
. Defining document command \numrange with arg. spec. 'omm' on line 7158.
.................................................
.................................................
. LaTeX info: "xparse/define-command"
. 
. Defining document command \SIlist with arg. spec. 'o>{\SplitList {;}}mm' on
. line 7169.
.................................................
.................................................
. LaTeX info: "xparse/define-command"
. 
. Defining document command \SIrange with arg. spec. 'ommm' on line 7180.
.................................................
.................................................
. LaTeX info: "xparse/define-command"
. 
. Defining document command \SI with arg. spec. 'omom' on line 7191.
.................................................
.................................................
. LaTeX info: "xparse/define-command"
. 
. Defining document command \sisetup with arg. spec. 'm' on line 7194.
.................................................
.................................................
. LaTeX info: "xparse/define-command"
. 
. Defining document command \tablenum with arg. spec. 'om' on line 7206.
.................................................
.................................................
. LaTeX info: "xparse/define-command"
. 
. Defining document command \si with arg. spec. 'om' on line 7217.
.................................................
.................................................
. LaTeX info: "xparse/define-command"
. 
. Defining document command \__siunitx_bookmark_num:w with arg. spec. 'om' on
. line 7262.
.................................................
.................................................
. LaTeX info: "xparse/define-command"
. 
. Defining document command \__siunitx_bookmark_numrange:w with arg. spec.
. 'omm' on line 7264.
.................................................
.................................................
. LaTeX info: "xparse/define-command"
. 
. Defining document command \__siunitx_bookmark_SI:w with arg. spec. 'omom' on
. line 7266.
.................................................
.................................................
. LaTeX info: "xparse/define-command"
. 
. Defining document command \__siunitx_bookmark_SIlist:w with arg. spec. 'omm'
. on line 7268.
.................................................
.................................................
. LaTeX info: "xparse/define-command"
. 
. Defining document command \__siunitx_bookmark_SIrange:w with arg. spec.
. 'ommm' on line 7270.
.................................................
.................................................
. LaTeX info: "xparse/define-command"
. 
. Defining document command \__siunitx_bookmark_si:w with arg. spec. 'om' on
. line 7271.
.................................................
\g__file_internal_ior=\read2
(/usr/local/texlive/2014/texmf-dist/tex/latex/beamer/translator/translator.sty
Package: translator 2010/06/12 ver 1.10

(/usr/local/texlive/2014/texmf-dist/tex/latex/beamer/translator/translator-lang
uage-mappings.tex)))
(/usr/local/texlive/2014/texmf-dist/tex/latex/tools/longtable.sty
Package: longtable 2004/02/01 v4.11 Multi-page Table package (DPC)
\LTleft=\skip191
\LTright=\skip192
\LTpre=\skip193
\LTpost=\skip194
\LTchunksize=\count288
\LTcapwidth=\dimen299
\LT@head=\box98
\LT@firsthead=\box99
\LT@foot=\box100
\LT@lastfoot=\box101
\LT@cols=\count289
\LT@rows=\count290
\c@LT@tables=\count291
\c@LT@chunks=\count292
\LT@p@ftn=\toks44
)
(./ubc_2015_spring_kudlac_raffi.aux)
\openout1 = `ubc_2015_spring_kudlac_raffi.aux'.

LaTeX Font Info:    Checking defaults for OML/cmm/m/it on input line 50.
LaTeX Font Info:    ... okay on input line 50.
LaTeX Font Info:    Checking defaults for T1/cmr/m/n on input line 50.
LaTeX Font Info:    ... okay on input line 50.
LaTeX Font Info:    Checking defaults for OT1/cmr/m/n on input line 50.
LaTeX Font Info:    ... okay on input line 50.
LaTeX Font Info:    Checking defaults for OMS/cmsy/m/n on input line 50.
LaTeX Font Info:    ... okay on input line 50.
LaTeX Font Info:    Checking defaults for OMX/cmex/m/n on input line 50.
LaTeX Font Info:    ... okay on input line 50.
LaTeX Font Info:    Checking defaults for U/cmr/m/n on input line 50.
LaTeX Font Info:    ... okay on input line 50.
LaTeX Font Info:    Checking defaults for PD1/pdf/m/n on input line 50.
LaTeX Font Info:    ... okay on input line 50.

(/usr/local/texlive/2014/texmf-dist/tex/context/base/supp-pdf.mkii
[Loading MPS to PDF converter (version 2006.09.02).]
\scratchcounter=\count293
\scratchdimen=\dimen300
\scratchbox=\box102
\nofMPsegments=\count294
\nofMParguments=\count295
\everyMPshowfont=\toks45
\MPscratchCnt=\count296
\MPscratchDim=\dimen301
\MPnumerator=\count297
\makeMPintoPDFobject=\count298
\everyMPtoPDFconversion=\toks46
) (/usr/local/texlive/2014/texmf-dist/tex/latex/oberdiek/epstopdf-base.sty
Package: epstopdf-base 2010/02/09 v2.5 Base part for package epstopdf

(/usr/local/texlive/2014/texmf-dist/tex/latex/oberdiek/grfext.sty
Package: grfext 2010/08/19 v1.1 Manage graphics extensions (HO)
)
Package grfext Info: Graphics extension search list:
(grfext)             [.png,.pdf,.jpg,.mps,.jpeg,.jbig2,.jb2,.PNG,.PDF,.JPG,.JPE
G,.JBIG2,.JB2,.eps]
(grfext)             \AppendGraphicsExtensions on input line 452.

(/usr/local/texlive/2014/texmf-dist/tex/latex/latexconfig/epstopdf-sys.cfg
File: epstopdf-sys.cfg 2010/07/13 v1.3 Configuration of (r)epstopdf for TeX Liv
e
))
\AtBeginShipoutBox=\box103
Package backref Info: ** backref set up for natbib ** on input line 50.
Package hyperref Info: Link coloring OFF on input line 50.

(/usr/local/texlive/2014/texmf-dist/tex/latex/hyperref/nameref.sty
Package: nameref 2012/10/27 v2.43 Cross-referencing by name of section

(/usr/local/texlive/2014/texmf-dist/tex/generic/oberdiek/gettitlestring.sty
Package: gettitlestring 2010/12/03 v1.4 Cleanup title references (HO)
)
\c@section@level=\count299
)
LaTeX Info: Redefining \ref on input line 50.
LaTeX Info: Redefining \pageref on input line 50.
LaTeX Info: Redefining \nameref on input line 50.

(./ubc_2015_spring_kudlac_raffi.out) (./ubc_2015_spring_kudlac_raffi.out)
\@outlinefile=\write5
\openout5 = `ubc_2015_spring_kudlac_raffi.out'.


ABD: EveryShipout initializing macros
(/usr/local/texlive/2014/texmf-dist/tex/latex/beamer/translator/dicts/translato
r-basic-dictionary/translator-basic-dictionary-English.dict
Dictionary: translator-basic-dictionary, Language: English 
)
(/usr/local/texlive/2014/texmf-dist/tex/latex/siunitx/config/siunitx-abbreviati
ons.cfg
File: siunitx-abbreviations.cfg 2013/07/31 v2.5s siunitx: Abbreviated units
)
\c__siunitx_mathsf_int=\count300
LaTeX Font Info:    Try loading font information for U+msa on input line 50.
 (/usr/local/texlive/2014/texmf-dist/tex/latex/amsfonts/umsa.fd
File: umsa.fd 2013/01/14 v3.01 AMS symbols A
)
LaTeX Font Info:    Try loading font information for U+msb on input line 50.

(/usr/local/texlive/2014/texmf-dist/tex/latex/amsfonts/umsb.fd
File: umsb.fd 2013/01/14 v3.01 AMS symbols B
)
\c__siunitx_mathtt_int=\count301
LaTeX Font Info:    Try loading font information for OMS+cmr on input line 59.

(/usr/local/texlive/2014/texmf-dist/tex/latex/base/omscmr.fd
File: omscmr.fd 1999/05/25 v2.5h Standard LaTeX font definitions
)
LaTeX Font Info:    Font shape `OMS/cmr/m/n' in size <10.95> not available
(Font)              Font shape `OMS/cmsy/m/n' tried instead on input line 59.
 [1
Non-PDF special ignored!


{/usr/local/texlive/2014/texmf-var/fonts/map/pdftex/updmap/pdftex.map}] (./ubc_
2015_spring_kudlac_raffi.toc [2

])
\tf@toc=\write6
\openout6 = `ubc_2015_spring_kudlac_raffi.toc'.

 [3]
(./ubc_2015_spring_kudlac_raffi.lot)
\tf@lot=\write7
\openout7 = `ubc_2015_spring_kudlac_raffi.lot'.

 [4] (./ubc_2015_spring_kudlac_raffi.lof)
\tf@lof=\write8
\openout8 = `ubc_2015_spring_kudlac_raffi.lof'.


[5]
Chapter 1.

Overfull \hbox (2.35121pt too wide) in paragraph at lines 88--97
[]\OT1/cmr/m/n/10.95 ``The Source" is an in-ter-ac-tive en-ergy sim-u-la-tion w
here the user is charged
 []

[1


] [2]
Chapter 2.
<Induction.jpg, id=270, 232.87pt x 174.6525pt>
File: Induction.jpg Graphic file (type jpg)
 <use Induction.jpg>
Package pdftex.def Info: Induction.jpg used on input line 116.
(pdftex.def)             Requested size: 180.0pt x 135.00517pt.
 [3

]
<fossil_fuel.png, id=277, 2007.5pt x 1245.65375pt>
File: fossil_fuel.png Graphic file (type png)
 <use fossil_fuel.png>
Package pdftex.def Info: fossil_fuel.png used on input line 131.
(pdftex.def)             Requested size: 360.0pt x 223.37169pt.

[4 <./Induction.jpg>] [5 <./fossil_fuel.png>]
<nuclear.png, id=293, 665.48625pt x 340.27126pt>
File: nuclear.png Graphic file (type png)
 <use nuclear.png>
Package pdftex.def Info: nuclear.png used on input line 161.
(pdftex.def)             Requested size: 360.0pt x 184.07603pt.
 [6] [7 <./nuclear.png>] <hydro.png, id=305, 537.00626pt x 347.2975pt>
File: hydro.png Graphic file (type png)
 <use hydro.png>
Package pdftex.def Info: hydro.png used on input line 186.
(pdftex.def)             Requested size: 360.0pt x 232.82059pt.

[8 <./hydro.png>] <windmill.png, id=314, 328.22626pt x 254.9525pt>
File: windmill.png Graphic file (type png)

<use windmill.png>
Package pdftex.def Info: windmill.png used on input line 203.
(pdftex.def)             Requested size: 288.0011pt x 223.7092pt.
 [9 <./windmill.png>]
<Solar2.jpg, id=322, 786.94pt x 597.23125pt>
File: Solar2.jpg Graphic file (type jpg)
 <use Solar2.jpg>
Package pdftex.def Info: Solar2.jpg used on input line 220.
(pdftex.def)             Requested size: 288.0011pt x 218.56627pt.
 [10] [11 <./Solar2.jpg>] [12] [13]
Chapter 3.
<DFDDiagram.png, id=346, 963.6pt x 722.7pt>
File: DFDDiagram.png Graphic file (type png)
 <use DFDDiagram.png>
Package pdftex.def Info: DFDDiagram.png used on input line 275.
(pdftex.def)             Requested size: 251.9989pt x 188.98929pt.
 [14

]
<panel.png, id=352, 1030.85126pt x 605.26125pt>
File: panel.png Graphic file (type png)
 <use panel.png>
Package pdftex.def Info: panel.png used on input line 283.
(pdftex.def)             Requested size: 216.0022pt x 126.8223pt.
 [15 <./DFDDiagram.png> <./panel.png>] <thesourceachitecture.png, id=359, 963.6
pt x 722.7pt>
File: thesourceachitecture.png Graphic file (type png)

<use thesourceachitecture.png>
Package pdftex.def Info: thesourceachitecture.png used on input line 296.
(pdftex.def)             Requested size: 251.9989pt x 188.98929pt.
 [16 <./thesourceachitecture.png>] [17] [18]
Chapter 4.
Missing character: There is no  in font cmr12!
Missing character: There is no  in font cmr12!
Missing character: There is no  in font cmr12!
Missing character: There is no  in font cmr12!
Missing character: There is no  in font cmr12!
Missing character: There is no  in font cmr12!
[19

]
Missing character: There is no  in font cmr12!
Missing character: There is no  in font cmr12!
Missing character: There is no  in font cmr12!
Missing character: There is no  in font cmr12!
Missing character: There is no  in font cmr12!
Missing character: There is no  in font cmr12!
 [20] [21] [22] [23] [24] [25] [26]
Overfull \hbox (0.91708pt too wide) in paragraph at lines 630--631
\OT1/cmr/m/n/12 (with dif-fer-ent mul-ti-ple choice ques-tions) and an-swers to
 each are within
 []

Missing character: There is no  in font cmr12!
Missing character: There is no  in font cmr12!
Missing character: There is no  in font cmr12!
Missing character: There is no  in font cmr12!
Missing character: There is no  in font cmr12!
Missing character: There is no  in font cmr12!
[27] [28]
Chapter 5.
[29

] <survey_pics/numeric/power_source.png, id=474, 649.42625pt x 356.33125pt>
File: survey_pics/numeric/power_source.png Graphic file (type png)

<use survey_pics/numeric/power_source.png>
Package pdftex.def Info: survey_pics/numeric/power_source.png used on input lin
e 650.
(pdftex.def)             Requested size: 251.9989pt x 138.26723pt.

<survey_pics/numeric/adds.png, id=475, 524.96124pt x 345.29pt>
File: survey_pics/numeric/adds.png Graphic file (type png)

<use survey_pics/numeric/adds.png>
Package pdftex.def Info: survey_pics/numeric/adds.png used on input line 657.
(pdftex.def)             Requested size: 251.9989pt x 165.74785pt.

<survey_pics/numeric/public_service.png, id=476, 570.13pt x 368.37625pt>
File: survey_pics/numeric/public_service.png Graphic file (type png)

<use survey_pics/numeric/public_service.png>
Package pdftex.def Info: survey_pics/numeric/public_service.png used on input l
ine 664.
(pdftex.def)             Requested size: 251.9989pt x 162.82239pt.
 [30 <./survey_pics/numeric/power_source.png> <./survey_pics/numeric/adds.png>]
 [31 <./survey_pics/numeric/public_service.png>]
<survey_pics/numeric/power_demanded.png, id=488, 619.31375pt x 198.7425pt>
File: survey_pics/numeric/power_demanded.png Graphic file (type png)

<use survey_pics/numeric/power_demanded.png>
Package pdftex.def Info: survey_pics/numeric/power_demanded.png used on input l
ine 682.
(pdftex.def)             Requested size: 360.0pt x 115.53152pt.

<survey_pics/numeric/game_pase.png, id=489, 631.35875pt x 180.675pt>
File: survey_pics/numeric/game_pase.png Graphic file (type png)

<use survey_pics/numeric/game_pase.png>
Package pdftex.def Info: survey_pics/numeric/game_pase.png used on input line 6
89.
(pdftex.def)             Requested size: 360.0pt x 103.02165pt.

<survey_pics/numeric/cost.png, id=490, 1146.2825pt x 199.74625pt>
File: survey_pics/numeric/cost.png Graphic file (type png)

<use survey_pics/numeric/cost.png>
Package pdftex.def Info: survey_pics/numeric/cost.png used on input line 697.
(pdftex.def)             Requested size: 360.0pt x 62.73143pt.
 [32 <./survey_pics/numeric/power_demanded.png>] [33 <./survey_pics/numeric/gam
e_pase.png> <./survey_pics/numeric/cost.png>] <survey_pics/numeric/frusterated.
png, id=509, 873.2625pt x 220.825pt>
File: survey_pics/numeric/frusterated.png Graphic file (type png)

<use survey_pics/numeric/frusterated.png>
Package pdftex.def Info: survey_pics/numeric/frusterated.png used on input line
 717.
(pdftex.def)             Requested size: 360.0pt x 91.03415pt.
 [34 <./survey_pics/numeric/frusterated.png>]
<survey_pics/numeric/playing_experience.png, id=515, 752.8125pt x 240.9pt>
File: survey_pics/numeric/playing_experience.png Graphic file (type png)

<use survey_pics/numeric/playing_experience.png>
Package pdftex.def Info: survey_pics/numeric/playing_experience.png used on inp
ut line 728.
(pdftex.def)             Requested size: 360.0pt x 115.20428pt.

<survey_pics/numeric/learning.png, id=517, 1006.76125pt x 229.85875pt>
File: survey_pics/numeric/learning.png Graphic file (type png)

<use survey_pics/numeric/learning.png>
Package pdftex.def Info: survey_pics/numeric/learning.png used on input line 73
7.
(pdftex.def)             Requested size: 360.0pt x 82.1914pt.
 [35 <./survey_pics/numeric/playing_experience.png> <./survey_pics/numeric/lear
ning.png>]
<survey_pics/numeric/mis_clicked.png, id=523, 852.18375pt x 228.855pt>
File: survey_pics/numeric/mis_clicked.png Graphic file (type png)

<use survey_pics/numeric/mis_clicked.png>
Package pdftex.def Info: survey_pics/numeric/mis_clicked.png used on input line
 747.
(pdftex.def)             Requested size: 360.0pt x 96.68065pt.

<survey_pics/numeric/tutorial.png, id=525, 1105.12875pt x 255.95625pt>
File: survey_pics/numeric/tutorial.png Graphic file (type png)

<use survey_pics/numeric/tutorial.png>
Package pdftex.def Info: survey_pics/numeric/tutorial.png used on input line 75
7.
(pdftex.def)             Requested size: 360.0pt x 83.37616pt.
 [36 <./survey_pics/numeric/mis_clicked.png> <./survey_pics/numeric/tutorial.pn
g>]
<survey_pics/numeric/future_learning.png, id=531, 840.13875pt x 236.885pt>
File: survey_pics/numeric/future_learning.png Graphic file (type png)

<use survey_pics/numeric/future_learning.png>
Package pdftex.def Info: survey_pics/numeric/future_learning.png used on input 
line 766.
(pdftex.def)             Requested size: 360.0pt x 101.50433pt.
 [37 <./survey_pics/numeric/future_learning.png>]
<survey_pics/post_and_pre/workings.png, id=541, 713.66624pt x 378.41376pt>
File: survey_pics/post_and_pre/workings.png Graphic file (type png)

<use survey_pics/post_and_pre/workings.png>
Package pdftex.def Info: survey_pics/post_and_pre/workings.png used on input li
ne 803.
(pdftex.def)             Requested size: 360.0pt x 190.88667pt.
 [38] [39 <./survey_pics/post_and_pre/workings.png>]
<survey_pics/post_and_pre/origins.png, id=554, 713.66624pt x 377.41pt>
File: survey_pics/post_and_pre/origins.png Graphic file (type png)

<use survey_pics/post_and_pre/origins.png>
Package pdftex.def Info: survey_pics/post_and_pre/origins.png used on input lin
e 814.
(pdftex.def)             Requested size: 288.0011pt x 152.30312pt.
 [40 <./survey_pics/post_and_pre/origins.png>] <survey_pics/post_and_pre/pros.p
ng, id=562, 710.655pt x 385.44pt>
File: survey_pics/post_and_pre/pros.png Graphic file (type png)

<use survey_pics/post_and_pre/pros.png>
Package pdftex.def Info: survey_pics/post_and_pre/pros.png used on input line 8
24.
(pdftex.def)             Requested size: 288.0011pt x 156.2082pt.

<survey_pics/post_and_pre/cons.png, id=563, 709.65125pt x 370.38374pt>
File: survey_pics/post_and_pre/cons.png Graphic file (type png)

<use survey_pics/post_and_pre/cons.png>
Package pdftex.def Info: survey_pics/post_and_pre/cons.png used on input line 8
31.
(pdftex.def)             Requested size: 288.0011pt x 150.31543pt.
 [41 <./survey_pics/post_and_pre/pros.png> <./survey_pics/post_and_pre/cons.png
>] [42]
Chapter 6.
[43

] [44] (./ubc_2015_spring_kudlac_raffi.bbl
(./ubc_2015_spring_kudlac_raffi.brf)
\tf@brf=\write9
\openout9 = `ubc_2015_spring_kudlac_raffi.brf'.

Missing character: There is no  in font cmr12!
Missing character: There is no  in font cmr12!
Missing character: There is no  in font cmr12!
) [45

]
Package atveryend Info: Empty hook `BeforeClearDocument' on input line 956.
Package atveryend Info: Empty hook `AfterLastShipout' on input line 956.
 (./ubc_2015_spring_kudlac_raffi.aux)
Package atveryend Info: Executing hook `AtVeryEndDocument' on input line 956.
Package atveryend Info: Executing hook `AtEndAfterFileList' on input line 956.
Package rerunfilecheck Info: File `ubc_2015_spring_kudlac_raffi.out' has not ch
anged.
(rerunfilecheck)             Checksum: F3002FFF7469130A5E997221C92E0558;2179.
Package rerunfilecheck Info: File `ubc_2015_spring_kudlac_raffi.brf' has not ch
anged.
(rerunfilecheck)             Checksum: 42EF585E56AC7C474CA24FF65F9B52C6;504.
Package atveryend Info: Empty hook `AtVeryVeryEnd' on input line 956.
 ) 
Here is how much of TeX's memory you used:
 25800 strings out of 493117
 492245 string characters out of 6135433
 545514 words of memory out of 5000000
 28669 multiletter control sequences out of 15000+600000
 14503 words of font info for 55 fonts, out of 8000000 for 9000
 1141 hyphenation exceptions out of 8191
 48i,15n,55p,10427b,866s stack positions out of 5000i,500n,10000p,200000b,80000s
</usr/local/texlive/2014/texmf-dist/fonts/type1/public/amsfonts/cm/cmbx10.pfb
></usr/local/texlive/2014/texmf-dist/fonts/type1/public/amsfonts/cm/cmbx12.pfb>
</usr/local/texlive/2014/texmf-dist/fonts/type1/public/amsfonts/cm/cmr10.pfb></
usr/local/texlive/2014/texmf-dist/fonts/type1/public/amsfonts/cm/cmr12.pfb></us
r/local/texlive/2014/texmf-dist/fonts/type1/public/amsfonts/cm/cmsl10.pfb></usr
/local/texlive/2014/texmf-dist/fonts/type1/public/amsfonts/cm/cmsy10.pfb></usr/
local/texlive/2014/texmf-dist/fonts/type1/public/amsfonts/cm/cmsy8.pfb>
Output written on ubc_2015_spring_kudlac_raffi.pdf (50 pages, 3813599 bytes).
PDF statistics:
 676 PDF objects out of 1000 (max. 8388607)
 583 compressed objects within 6 object streams
 163 named destinations out of 1000 (max. 500000)
 410 words of extra memory for PDF output out of 10000 (max. 10000000)

